==============================================================================
2024-04-20 15:05:17.624643 - INFO - + START SUITE: Swat Midterm
==============================================================================
2024-04-20 15:05:17.643837 - INFO - +- START SUITE: Swat Midterm.Tests
==============================================================================
2024-04-20 15:05:17.644834 - INFO - +-- START SUITE: Swat Midterm.Tests.Authentication
==============================================================================
2024-04-20 15:05:17.646835 - INFO - +--- START SUITE: Swat Midterm.Tests.Authentication.Login
==============================================================================
2024-04-20 15:05:17.835342 - INFO - +---- START TEST: TC2:
------------------------------------------------------------------------------
2024-04-20 15:05:17.836342 - INFO - +----- START KEYWORD: resources.Open Browser And Go To Login [ ]
2024-04-20 15:05:17.836342 - INFO - +------ START KEYWORD: resources.Open Browser To Katalon Demo CURA [ ]
2024-04-20 15:05:17.837343 - INFO - +------- START KEYWORD: SeleniumLibrary.Open Browser [ ${URL} | ${BROWSER} ]
2024-04-20 15:05:17.837343 - INFO - Opening browser 'chrome' to base url 'https://katalon-demo-cura.herokuapp.com/'.
2024-04-20 15:06:12.690383 - DEBUG - Opened browser with session id 237c29f2dc4dca874888de5aab9100b3.
2024-04-20 15:06:12.690383 - INFO - +------- END KEYWORD: SeleniumLibrary.Open Browser (54.85304 s)
2024-04-20 15:06:12.691381 - INFO - +------- START KEYWORD: SeleniumLibrary.Maximize Browser Window [ ]
2024-04-20 15:06:12.809595 - INFO - +------- END KEYWORD: SeleniumLibrary.Maximize Browser Window (0.118214 s)
2024-04-20 15:06:12.811104 - INFO - +------ END KEYWORD: resources.Open Browser To Katalon Demo CURA (54.974762 s)
2024-04-20 15:06:12.811104 - INFO - +------ START KEYWORD: SeleniumLibrary.Click Element [ xpath://*[@id="menu-toggle"] ]
2024-04-20 15:06:12.812118 - INFO - Clicking element 'xpath://*[@id="menu-toggle"]'.
2024-04-20 15:06:12.864430 - INFO - +------ END KEYWORD: SeleniumLibrary.Click Element (0.053326 s)
2024-04-20 15:06:12.865424 - INFO - +------ START KEYWORD: BuiltIn.Sleep [ 2 ]
2024-04-20 15:06:14.866549 - INFO - Slept 2 seconds.
2024-04-20 15:06:14.867553 - INFO - +------ END KEYWORD: BuiltIn.Sleep (2.002129 s)
2024-04-20 15:06:14.867553 - INFO - +------ START KEYWORD: SeleniumLibrary.Click Element [ xpath://*[@id="sidebar-wrapper"]/ul/li[3]/a ]
2024-04-20 15:06:14.867553 - INFO - Clicking element 'xpath://*[@id="sidebar-wrapper"]/ul/li[3]/a'.
2024-04-20 15:06:15.941870 - INFO - +------ END KEYWORD: SeleniumLibrary.Click Element (1.074317 s)
2024-04-20 15:06:15.941870 - INFO - +------ START KEYWORD: SeleniumLibrary.Wait Until Element Is Visible [ xpath://*[@id="login"]/div/div/div[2]/form/div[1] ]
2024-04-20 15:06:15.958394 - INFO - +------ END KEYWORD: SeleniumLibrary.Wait Until Element Is Visible (0.016524 s)
2024-04-20 15:06:15.958394 - INFO - +----- END KEYWORD: resources.Open Browser And Go To Login (58.122052 s)
~~~~~~~~~~~~~~~~~~~~~~~~~~~~~~~~~~~~~~~~~~~~~~~~~~~~~~~~~~~~~~~~~~~~~~~~~~~~~~
2024-04-20 15:06:15.959395 - INFO - +----- START KEYWORD: SeleniumLibrary.Input Text [ id:txt-username | Khanh Huan ]
2024-04-20 15:06:15.959395 - INFO - Typing text 'Khanh Huan' into text field 'id:txt-username'.
2024-04-20 15:06:16.051204 - INFO - +----- END KEYWORD: SeleniumLibrary.Input Text (0.091809 s)
~~~~~~~~~~~~~~~~~~~~~~~~~~~~~~~~~~~~~~~~~~~~~~~~~~~~~~~~~~~~~~~~~~~~~~~~~~~~~~
2024-04-20 15:06:16.051204 - INFO - +----- START KEYWORD: BuiltIn.Sleep [ 1 ]
2024-04-20 15:06:17.052604 - INFO - Slept 1 second.
2024-04-20 15:06:17.053613 - INFO - +----- END KEYWORD: BuiltIn.Sleep (1.002409 s)
~~~~~~~~~~~~~~~~~~~~~~~~~~~~~~~~~~~~~~~~~~~~~~~~~~~~~~~~~~~~~~~~~~~~~~~~~~~~~~
2024-04-20 15:06:17.054613 - INFO - +----- START KEYWORD: SeleniumLibrary.Input Text [ id:txt-password | ThisIsNotAPassword ]
2024-04-20 15:06:17.054613 - INFO - Typing text 'ThisIsNotAPassword' into text field 'id:txt-password'.
2024-04-20 15:06:17.129543 - INFO - +----- END KEYWORD: SeleniumLibrary.Input Text (0.07493 s)
~~~~~~~~~~~~~~~~~~~~~~~~~~~~~~~~~~~~~~~~~~~~~~~~~~~~~~~~~~~~~~~~~~~~~~~~~~~~~~
2024-04-20 15:06:17.129543 - INFO - +----- START KEYWORD: BuiltIn.Sleep [ 1 ]
2024-04-20 15:06:18.129881 - INFO - Slept 1 second.
2024-04-20 15:06:18.129881 - INFO - +----- END KEYWORD: BuiltIn.Sleep (1.000338 s)
~~~~~~~~~~~~~~~~~~~~~~~~~~~~~~~~~~~~~~~~~~~~~~~~~~~~~~~~~~~~~~~~~~~~~~~~~~~~~~
2024-04-20 15:06:18.129881 - INFO - +----- START KEYWORD: SeleniumLibrary.Click Element [ id:btn-login ]
2024-04-20 15:06:18.131404 - INFO - Clicking element 'id:btn-login'.
2024-04-20 15:06:19.097423 - INFO - +----- END KEYWORD: SeleniumLibrary.Click Element (0.967542 s)
~~~~~~~~~~~~~~~~~~~~~~~~~~~~~~~~~~~~~~~~~~~~~~~~~~~~~~~~~~~~~~~~~~~~~~~~~~~~~~
2024-04-20 15:06:19.097423 - INFO - +----- START KEYWORD: resources.Verify the URL [ https://katalon-demo-cura.herokuapp.com/profile.php#login ]
2024-04-20 15:06:19.098422 - INFO - +------ START KEYWORD: SeleniumLibrary.Get Location [ ]
2024-04-20 15:06:19.103495 - INFO - ${current_url} = https://katalon-demo-cura.herokuapp.com/profile.php#login
2024-04-20 15:06:19.105504 - INFO - +------ END KEYWORD: SeleniumLibrary.Get Location (0.007082 s)
2024-04-20 15:06:19.106514 - INFO - +------ START KEYWORD: BuiltIn.Should Be Equal As Strings [ ${current_url} | ${URL} ]
2024-04-20 15:06:19.107504 - DEBUG - Argument types are:
<class 'str'>
<class 'str'>
2024-04-20 15:06:19.107504 - INFO - +------ END KEYWORD: BuiltIn.Should Be Equal As Strings (0.00099 s)
2024-04-20 15:06:19.107504 - INFO - +----- END KEYWORD: resources.Verify the URL (0.010081 s)
~~~~~~~~~~~~~~~~~~~~~~~~~~~~~~~~~~~~~~~~~~~~~~~~~~~~~~~~~~~~~~~~~~~~~~~~~~~~~~
2024-04-20 15:06:19.107504 - INFO - +----- START KEYWORD: SeleniumLibrary.Element Should Be Visible [ xpath://*[@id="login"]/div/div/div[1]/p[2] ]
2024-04-20 15:06:19.137234 - INFO - Element 'xpath://*[@id="login"]/div/div/div[1]/p[2]' is displayed.
2024-04-20 15:06:19.138207 - INFO - +----- END KEYWORD: SeleniumLibrary.Element Should Be Visible (0.030703 s)
~~~~~~~~~~~~~~~~~~~~~~~~~~~~~~~~~~~~~~~~~~~~~~~~~~~~~~~~~~~~~~~~~~~~~~~~~~~~~~
2024-04-20 15:06:19.139221 - INFO - +----- START KEYWORD: SeleniumLibrary.Element Text Should Be [ xpath://*[@id="login"]/div/div/div[1]/p[2] | Login failed! Please ensure the username and password are valid. ]
2024-04-20 15:06:19.139221 - INFO - Verifying element 'xpath://*[@id="login"]/div/div/div[1]/p[2]' contains exact text 'Login failed! Please ensure the username and password are valid.'.
2024-04-20 15:06:19.167794 - INFO - +----- END KEYWORD: SeleniumLibrary.Element Text Should Be (0.028573 s)
------------------------------------------------------------------------------
2024-04-20 15:06:19.167794 - INFO - +---- END TEST: TC2: (61.332452 s)
------------------------------------------------------------------------------
2024-04-20 15:06:19.168794 - INFO - +--- END SUITE: Swat Midterm.Tests.Authentication.Login (61.521959 s)
==============================================================================
2024-04-20 15:06:19.168794 - INFO - +-- END SUITE: Swat Midterm.Tests.Authentication (61.52396 s)
==============================================================================
2024-04-20 15:06:19.169792 - INFO - +- END SUITE: Swat Midterm.Tests (61.525955 s)
==============================================================================
2024-04-20 15:06:19.169792 - INFO - + END SUITE: Swat Midterm (61.545149 s)
==============================================================================
