==============================================================================
2024-04-20 15:35:38.078002 - INFO - + START SUITE: Swat Midterm
==============================================================================
2024-04-20 15:35:38.098050 - INFO - +- START SUITE: Swat Midterm.Tests
==============================================================================
2024-04-20 15:35:38.100050 - INFO - +-- START SUITE: Swat Midterm.Tests.Authentication
==============================================================================
2024-04-20 15:35:38.101560 - INFO - +--- START SUITE: Swat Midterm.Tests.Authentication.Login
==============================================================================
2024-04-20 15:35:38.283958 - INFO - +---- START TEST: TC6:
------------------------------------------------------------------------------
2024-04-20 15:35:38.285917 - INFO - +----- START KEYWORD: resources.Open Browser And Go To Login [ ]
2024-04-20 15:35:38.286918 - INFO - +------ START KEYWORD: resources.Open Browser To Katalon Demo CURA [ ]
2024-04-20 15:35:38.288927 - INFO - +------- START KEYWORD: SeleniumLibrary.Open Browser [ ${URL} | ${BROWSER} ]
2024-04-20 15:35:38.288927 - INFO - Opening browser 'chrome' to base url 'https://katalon-demo-cura.herokuapp.com/'.
2024-04-20 15:36:00.759358 - DEBUG - Opened browser with session id 8172248a43fdc7359df420419b1e77ea.
2024-04-20 15:36:00.759358 - INFO - +------- END KEYWORD: SeleniumLibrary.Open Browser (22.470431 s)
2024-04-20 15:36:00.760350 - INFO - +------- START KEYWORD: SeleniumLibrary.Maximize Browser Window [ ]
2024-04-20 15:36:00.884558 - INFO - +------- END KEYWORD: SeleniumLibrary.Maximize Browser Window (0.124208 s)
2024-04-20 15:36:00.885583 - INFO - +------ END KEYWORD: resources.Open Browser To Katalon Demo CURA (22.598665 s)
2024-04-20 15:36:00.885583 - INFO - +------ START KEYWORD: SeleniumLibrary.Click Element [ xpath://*[@id="menu-toggle"] ]
2024-04-20 15:36:00.885583 - INFO - Clicking element 'xpath://*[@id="menu-toggle"]'.
2024-04-20 15:36:00.931234 - INFO - +------ END KEYWORD: SeleniumLibrary.Click Element (0.045651 s)
2024-04-20 15:36:00.932239 - INFO - +------ START KEYWORD: BuiltIn.Sleep [ 2 ]
2024-04-20 15:36:02.932307 - INFO - Slept 2 seconds.
2024-04-20 15:36:02.933350 - INFO - +------ END KEYWORD: BuiltIn.Sleep (2.001111 s)
2024-04-20 15:36:02.933350 - INFO - +------ START KEYWORD: SeleniumLibrary.Click Element [ xpath://*[@id="sidebar-wrapper"]/ul/li[3]/a ]
2024-04-20 15:36:02.933350 - INFO - Clicking element 'xpath://*[@id="sidebar-wrapper"]/ul/li[3]/a'.
2024-04-20 15:36:04.474951 - INFO - +------ END KEYWORD: SeleniumLibrary.Click Element (1.541601 s)
2024-04-20 15:36:04.474951 - INFO - +------ START KEYWORD: SeleniumLibrary.Wait Until Element Is Visible [ xpath://*[@id="login"]/div/div/div[2]/form/div[1] ]
2024-04-20 15:36:04.498391 - INFO - +------ END KEYWORD: SeleniumLibrary.Wait Until Element Is Visible (0.02344 s)
2024-04-20 15:36:04.498391 - INFO - +----- END KEYWORD: resources.Open Browser And Go To Login (26.212474 s)
~~~~~~~~~~~~~~~~~~~~~~~~~~~~~~~~~~~~~~~~~~~~~~~~~~~~~~~~~~~~~~~~~~~~~~~~~~~~~~
2024-04-20 15:36:04.498391 - INFO - +----- START KEYWORD: resources.Input Username and Password [ johndoe@gmail.com | ThisIsNotAPassword ]
2024-04-20 15:36:04.499390 - INFO - +------ START KEYWORD: SeleniumLibrary.Input Text [ id:txt-username | ${Username} ]
2024-04-20 15:36:04.499390 - INFO - Typing text 'johndoe@gmail.com' into text field 'id:txt-username'.
2024-04-20 15:36:04.611135 - INFO - +------ END KEYWORD: SeleniumLibrary.Input Text (0.111745 s)
2024-04-20 15:36:04.611135 - INFO - +------ START KEYWORD: BuiltIn.Sleep [ 1 ]
2024-04-20 15:36:05.611353 - INFO - Slept 1 second.
2024-04-20 15:36:05.611859 - INFO - +------ END KEYWORD: BuiltIn.Sleep (1.000724 s)
2024-04-20 15:36:05.612864 - INFO - +------ START KEYWORD: SeleniumLibrary.Input Text [ id:txt-password | ${Password} ]
2024-04-20 15:36:05.612864 - INFO - Typing text 'ThisIsNotAPassword' into text field 'id:txt-password'.
2024-04-20 15:36:05.691095 - INFO - +------ END KEYWORD: SeleniumLibrary.Input Text (0.078231 s)
2024-04-20 15:36:05.691095 - INFO - +------ START KEYWORD: BuiltIn.Sleep [ 1 ]
2024-04-20 15:36:06.691382 - INFO - Slept 1 second.
2024-04-20 15:36:06.691886 - INFO - +------ END KEYWORD: BuiltIn.Sleep (1.000791 s)
2024-04-20 15:36:06.691886 - INFO - +------ START KEYWORD: SeleniumLibrary.Click Button [ id:btn-login ]
2024-04-20 15:36:06.692890 - INFO - Clicking button 'id:btn-login'.
2024-04-20 15:36:08.014381 - INFO - +------ END KEYWORD: SeleniumLibrary.Click Button (1.322495 s)
2024-04-20 15:36:08.015382 - INFO - +----- END KEYWORD: resources.Input Username and Password (3.516991 s)
~~~~~~~~~~~~~~~~~~~~~~~~~~~~~~~~~~~~~~~~~~~~~~~~~~~~~~~~~~~~~~~~~~~~~~~~~~~~~~
2024-04-20 15:36:08.015382 - INFO - +----- START KEYWORD: resources.Verify the URL [ https://katalon-demo-cura.herokuapp.com/profile.php#login ]
2024-04-20 15:36:08.016380 - INFO - +------ START KEYWORD: SeleniumLibrary.Get Location [ ]
2024-04-20 15:36:08.022896 - INFO - ${current_url} = https://katalon-demo-cura.herokuapp.com/profile.php#login
2024-04-20 15:36:08.023895 - INFO - +------ END KEYWORD: SeleniumLibrary.Get Location (0.007515 s)
2024-04-20 15:36:08.023895 - INFO - +------ START KEYWORD: BuiltIn.Should Be Equal As Strings [ ${current_url} | ${URL} ]
2024-04-20 15:36:08.024899 - DEBUG - Argument types are:
<class 'str'>
<class 'str'>
2024-04-20 15:36:08.024899 - INFO - +------ END KEYWORD: BuiltIn.Should Be Equal As Strings (0.001004 s)
2024-04-20 15:36:08.024899 - INFO - +----- END KEYWORD: resources.Verify the URL (0.009517 s)
~~~~~~~~~~~~~~~~~~~~~~~~~~~~~~~~~~~~~~~~~~~~~~~~~~~~~~~~~~~~~~~~~~~~~~~~~~~~~~
2024-04-20 15:36:08.024899 - INFO - +----- START KEYWORD: SeleniumLibrary.Element Should Be Visible [ xpath://*[@id="login"]/div/div/div[1]/p[2] ]
2024-04-20 15:36:08.051256 - INFO - Element 'xpath://*[@id="login"]/div/div/div[1]/p[2]' is displayed.
2024-04-20 15:36:08.053256 - INFO - +----- END KEYWORD: SeleniumLibrary.Element Should Be Visible (0.028357 s)
~~~~~~~~~~~~~~~~~~~~~~~~~~~~~~~~~~~~~~~~~~~~~~~~~~~~~~~~~~~~~~~~~~~~~~~~~~~~~~
2024-04-20 15:36:08.054258 - INFO - +----- START KEYWORD: SeleniumLibrary.Element Text Should Be [ xpath://*[@id="login"]/div/div/div[1]/p[2] | Login failed! Please ensure the username and password are valid. ]
2024-04-20 15:36:08.054258 - INFO - Verifying element 'xpath://*[@id="login"]/div/div/div[1]/p[2]' contains exact text 'Login failed! Please ensure the username and password are valid.'.
2024-04-20 15:36:08.080095 - INFO - +----- END KEYWORD: SeleniumLibrary.Element Text Should Be (0.025837 s)
~~~~~~~~~~~~~~~~~~~~~~~~~~~~~~~~~~~~~~~~~~~~~~~~~~~~~~~~~~~~~~~~~~~~~~~~~~~~~~
2024-04-20 15:36:08.080095 - INFO - +----- START KEYWORD: resources.Input Username and Password [ JohnDoe@gmail.com | ThisIsNotAPassword ]
2024-04-20 15:36:08.081160 - INFO - +------ START KEYWORD: SeleniumLibrary.Input Text [ id:txt-username | ${Username} ]
2024-04-20 15:36:08.081160 - INFO - Typing text 'JohnDoe@gmail.com' into text field 'id:txt-username'.
2024-04-20 15:36:08.160408 - INFO - +------ END KEYWORD: SeleniumLibrary.Input Text (0.079248 s)
2024-04-20 15:36:08.160408 - INFO - +------ START KEYWORD: BuiltIn.Sleep [ 1 ]
2024-04-20 15:36:09.161794 - INFO - Slept 1 second.
2024-04-20 15:36:09.162799 - INFO - +------ END KEYWORD: BuiltIn.Sleep (1.002391 s)
2024-04-20 15:36:09.162799 - INFO - +------ START KEYWORD: SeleniumLibrary.Input Text [ id:txt-password | ${Password} ]
2024-04-20 15:36:09.162799 - INFO - Typing text 'ThisIsNotAPassword' into text field 'id:txt-password'.
2024-04-20 15:36:09.242918 - INFO - +------ END KEYWORD: SeleniumLibrary.Input Text (0.080119 s)
2024-04-20 15:36:09.243921 - INFO - +------ START KEYWORD: BuiltIn.Sleep [ 1 ]
2024-04-20 15:36:10.244052 - INFO - Slept 1 second.
2024-04-20 15:36:10.245057 - INFO - +------ END KEYWORD: BuiltIn.Sleep (1.001136 s)
2024-04-20 15:36:10.245057 - INFO - +------ START KEYWORD: SeleniumLibrary.Click Button [ id:btn-login ]
2024-04-20 15:36:10.245057 - INFO - Clicking button 'id:btn-login'.
2024-04-20 15:36:11.594004 - INFO - +------ END KEYWORD: SeleniumLibrary.Click Button (1.348947 s)
2024-04-20 15:36:11.594004 - INFO - +----- END KEYWORD: resources.Input Username and Password (3.513909 s)
~~~~~~~~~~~~~~~~~~~~~~~~~~~~~~~~~~~~~~~~~~~~~~~~~~~~~~~~~~~~~~~~~~~~~~~~~~~~~~
2024-04-20 15:36:11.594004 - INFO - +----- START KEYWORD: resources.Verify the URL [ https://katalon-demo-cura.herokuapp.com/profile.php#login ]
2024-04-20 15:36:11.594951 - INFO - +------ START KEYWORD: SeleniumLibrary.Get Location [ ]
2024-04-20 15:36:11.597949 - INFO - ${current_url} = https://katalon-demo-cura.herokuapp.com/profile.php#login
2024-04-20 15:36:11.598951 - INFO - +------ END KEYWORD: SeleniumLibrary.Get Location (0.004 s)
2024-04-20 15:36:11.598951 - INFO - +------ START KEYWORD: BuiltIn.Should Be Equal As Strings [ ${current_url} | ${URL} ]
2024-04-20 15:36:11.598951 - DEBUG - Argument types are:
<class 'str'>
<class 'str'>
2024-04-20 15:36:11.598951 - INFO - +------ END KEYWORD: BuiltIn.Should Be Equal As Strings (0.0 s)
2024-04-20 15:36:11.598951 - INFO - +----- END KEYWORD: resources.Verify the URL (0.004947 s)
~~~~~~~~~~~~~~~~~~~~~~~~~~~~~~~~~~~~~~~~~~~~~~~~~~~~~~~~~~~~~~~~~~~~~~~~~~~~~~
2024-04-20 15:36:11.599949 - INFO - +----- START KEYWORD: SeleniumLibrary.Element Should Be Visible [ xpath://*[@id="login"]/div/div/div[1]/p[2] ]
2024-04-20 15:36:11.612973 - INFO - Element 'xpath://*[@id="login"]/div/div/div[1]/p[2]' is displayed.
2024-04-20 15:36:11.613973 - INFO - +----- END KEYWORD: SeleniumLibrary.Element Should Be Visible (0.014024 s)
~~~~~~~~~~~~~~~~~~~~~~~~~~~~~~~~~~~~~~~~~~~~~~~~~~~~~~~~~~~~~~~~~~~~~~~~~~~~~~
2024-04-20 15:36:11.614976 - INFO - +----- START KEYWORD: SeleniumLibrary.Element Text Should Be [ xpath://*[@id="login"]/div/div/div[1]/p[2] | Login failed! Please ensure the username and password are valid. ]
2024-04-20 15:36:11.614976 - INFO - Verifying element 'xpath://*[@id="login"]/div/div/div[1]/p[2]' contains exact text 'Login failed! Please ensure the username and password are valid.'.
2024-04-20 15:36:11.629014 - INFO - +----- END KEYWORD: SeleniumLibrary.Element Text Should Be (0.014038 s)
~~~~~~~~~~~~~~~~~~~~~~~~~~~~~~~~~~~~~~~~~~~~~~~~~~~~~~~~~~~~~~~~~~~~~~~~~~~~~~
2024-04-20 15:36:11.630012 - INFO - +----- START KEYWORD: resources.Input Username and Password [ Johndoe@gmail.com | ThisIsNotApassword ]
2024-04-20 15:36:11.630012 - INFO - +------ START KEYWORD: SeleniumLibrary.Input Text [ id:txt-username | ${Username} ]
2024-04-20 15:36:11.630012 - INFO - Typing text 'Johndoe@gmail.com' into text field 'id:txt-username'.
2024-04-20 15:36:11.702355 - INFO - +------ END KEYWORD: SeleniumLibrary.Input Text (0.072343 s)
2024-04-20 15:36:11.702355 - INFO - +------ START KEYWORD: BuiltIn.Sleep [ 1 ]
2024-04-20 15:36:12.703619 - INFO - Slept 1 second.
2024-04-20 15:36:12.704159 - INFO - +------ END KEYWORD: BuiltIn.Sleep (1.001804 s)
2024-04-20 15:36:12.704159 - INFO - +------ START KEYWORD: SeleniumLibrary.Input Text [ id:txt-password | ${Password} ]
2024-04-20 15:36:12.705198 - INFO - Typing text 'ThisIsNotApassword' into text field 'id:txt-password'.
2024-04-20 15:36:12.770022 - INFO - +------ END KEYWORD: SeleniumLibrary.Input Text (0.065863 s)
2024-04-20 15:36:12.770022 - INFO - +------ START KEYWORD: BuiltIn.Sleep [ 1 ]
2024-04-20 15:36:13.770397 - INFO - Slept 1 second.
2024-04-20 15:36:13.770902 - INFO - +------ END KEYWORD: BuiltIn.Sleep (1.00088 s)
2024-04-20 15:36:13.770902 - INFO - +------ START KEYWORD: SeleniumLibrary.Click Button [ id:btn-login ]
2024-04-20 15:36:13.771907 - INFO - Clicking button 'id:btn-login'.
2024-04-20 15:36:15.363058 - INFO - +------ END KEYWORD: SeleniumLibrary.Click Button (1.592156 s)
2024-04-20 15:36:15.363058 - INFO - +----- END KEYWORD: resources.Input Username and Password (3.733046 s)
~~~~~~~~~~~~~~~~~~~~~~~~~~~~~~~~~~~~~~~~~~~~~~~~~~~~~~~~~~~~~~~~~~~~~~~~~~~~~~
2024-04-20 15:36:15.364050 - INFO - +----- START KEYWORD: resources.Verify the URL [ https://katalon-demo-cura.herokuapp.com/profile.php#login ]
2024-04-20 15:36:15.364050 - INFO - +------ START KEYWORD: SeleniumLibrary.Get Location [ ]
2024-04-20 15:36:15.371566 - INFO - ${current_url} = https://katalon-demo-cura.herokuapp.com/profile.php#login
2024-04-20 15:36:15.372563 - INFO - +------ END KEYWORD: SeleniumLibrary.Get Location (0.008513 s)
2024-04-20 15:36:15.372563 - INFO - +------ START KEYWORD: BuiltIn.Should Be Equal As Strings [ ${current_url} | ${URL} ]
2024-04-20 15:36:15.373563 - DEBUG - Argument types are:
<class 'str'>
<class 'str'>
2024-04-20 15:36:15.373563 - INFO - +------ END KEYWORD: BuiltIn.Should Be Equal As Strings (0.001 s)
2024-04-20 15:36:15.373563 - INFO - +----- END KEYWORD: resources.Verify the URL (0.009513 s)
~~~~~~~~~~~~~~~~~~~~~~~~~~~~~~~~~~~~~~~~~~~~~~~~~~~~~~~~~~~~~~~~~~~~~~~~~~~~~~
2024-04-20 15:36:15.373563 - INFO - +----- START KEYWORD: SeleniumLibrary.Element Should Be Visible [ xpath://*[@id="login"]/div/div/div[1]/p[2] ]
2024-04-20 15:36:15.387076 - INFO - Element 'xpath://*[@id="login"]/div/div/div[1]/p[2]' is displayed.
2024-04-20 15:36:15.388073 - INFO - +----- END KEYWORD: SeleniumLibrary.Element Should Be Visible (0.01451 s)
~~~~~~~~~~~~~~~~~~~~~~~~~~~~~~~~~~~~~~~~~~~~~~~~~~~~~~~~~~~~~~~~~~~~~~~~~~~~~~
2024-04-20 15:36:15.388073 - INFO - +----- START KEYWORD: SeleniumLibrary.Element Text Should Be [ xpath://*[@id="login"]/div/div/div[1]/p[2] | Login failed! Please ensure the username and password are valid. ]
2024-04-20 15:36:15.389074 - INFO - Verifying element 'xpath://*[@id="login"]/div/div/div[1]/p[2]' contains exact text 'Login failed! Please ensure the username and password are valid.'.
2024-04-20 15:36:15.401182 - INFO - +----- END KEYWORD: SeleniumLibrary.Element Text Should Be (0.013109 s)
------------------------------------------------------------------------------
2024-04-20 15:36:15.401182 - INFO - +---- END TEST: TC6: (37.117224 s)
------------------------------------------------------------------------------
2024-04-20 15:36:15.402192 - INFO - +--- END SUITE: Swat Midterm.Tests.Authentication.Login (37.300632 s)
==============================================================================
2024-04-20 15:36:15.403198 - INFO - +-- END SUITE: Swat Midterm.Tests.Authentication (37.303148 s)
==============================================================================
2024-04-20 15:36:15.404201 - INFO - +- END SUITE: Swat Midterm.Tests (37.306151 s)
==============================================================================
2024-04-20 15:36:15.404201 - INFO - + END SUITE: Swat Midterm (37.326199 s)
==============================================================================
