==============================================================================
2024-04-20 15:23:44.122513 - INFO - + START SUITE: Swat Midterm
==============================================================================
2024-04-20 15:23:44.140542 - INFO - +- START SUITE: Swat Midterm.Tests
==============================================================================
2024-04-20 15:23:44.142689 - INFO - +-- START SUITE: Swat Midterm.Tests.Authentication
==============================================================================
2024-04-20 15:23:44.144612 - INFO - +--- START SUITE: Swat Midterm.Tests.Authentication.Login
==============================================================================
2024-04-20 15:23:44.334615 - INFO - +---- START TEST: TC5:
------------------------------------------------------------------------------
2024-04-20 15:23:44.335615 - INFO - +----- START KEYWORD: resources.Open Browser And Go To Login [ ]
2024-04-20 15:23:44.335615 - INFO - +------ START KEYWORD: resources.Open Browser To Katalon Demo CURA [ ]
2024-04-20 15:23:44.336615 - INFO - +------- START KEYWORD: SeleniumLibrary.Open Browser [ ${URL} | ${BROWSER} ]
2024-04-20 15:23:44.336615 - INFO - Opening browser 'chrome' to base url 'https://katalon-demo-cura.herokuapp.com/'.
2024-04-20 15:24:23.579430 - DEBUG - Opened browser with session id bd569644fd43d323f3e134a9a4d265a3.
2024-04-20 15:24:23.579430 - INFO - +------- END KEYWORD: SeleniumLibrary.Open Browser (39.242815 s)
2024-04-20 15:24:23.580431 - INFO - +------- START KEYWORD: SeleniumLibrary.Maximize Browser Window [ ]
2024-04-20 15:24:23.708918 - INFO - +------- END KEYWORD: SeleniumLibrary.Maximize Browser Window (0.128487 s)
2024-04-20 15:24:23.708918 - INFO - +------ END KEYWORD: resources.Open Browser To Katalon Demo CURA (39.373303 s)
2024-04-20 15:24:23.709918 - INFO - +------ START KEYWORD: SeleniumLibrary.Click Element [ xpath://*[@id="menu-toggle"] ]
2024-04-20 15:24:23.709918 - INFO - Clicking element 'xpath://*[@id="menu-toggle"]'.
2024-04-20 15:24:23.792817 - INFO - +------ END KEYWORD: SeleniumLibrary.Click Element (0.082899 s)
2024-04-20 15:24:23.792817 - INFO - +------ START KEYWORD: BuiltIn.Sleep [ 2 ]
2024-04-20 15:24:25.794444 - INFO - Slept 2 seconds.
2024-04-20 15:24:25.797388 - INFO - +------ END KEYWORD: BuiltIn.Sleep (2.004571 s)
2024-04-20 15:24:25.797388 - INFO - +------ START KEYWORD: SeleniumLibrary.Click Element [ xpath://*[@id="sidebar-wrapper"]/ul/li[3]/a ]
2024-04-20 15:24:25.798387 - INFO - Clicking element 'xpath://*[@id="sidebar-wrapper"]/ul/li[3]/a'.
2024-04-20 15:24:26.930998 - INFO - +------ END KEYWORD: SeleniumLibrary.Click Element (1.13361 s)
2024-04-20 15:24:26.930998 - INFO - +------ START KEYWORD: SeleniumLibrary.Wait Until Element Is Visible [ xpath://*[@id="login"]/div/div/div[2]/form/div[1] ]
2024-04-20 15:24:26.951025 - INFO - +------ END KEYWORD: SeleniumLibrary.Wait Until Element Is Visible (0.020027 s)
2024-04-20 15:24:26.951025 - INFO - +----- END KEYWORD: resources.Open Browser And Go To Login (42.61541 s)
~~~~~~~~~~~~~~~~~~~~~~~~~~~~~~~~~~~~~~~~~~~~~~~~~~~~~~~~~~~~~~~~~~~~~~~~~~~~~~
2024-04-20 15:24:26.951025 - INFO - +----- START KEYWORD: SeleniumLibrary.Input Text [ id:txt-username | John Doe ]
2024-04-20 15:24:26.952537 - INFO - Typing text 'John Doe' into text field 'id:txt-username'.
2024-04-20 15:24:27.060896 - INFO - +----- END KEYWORD: SeleniumLibrary.Input Text (0.109871 s)
~~~~~~~~~~~~~~~~~~~~~~~~~~~~~~~~~~~~~~~~~~~~~~~~~~~~~~~~~~~~~~~~~~~~~~~~~~~~~~
2024-04-20 15:24:27.060896 - INFO - +----- START KEYWORD: BuiltIn.Sleep [ 1 ]
2024-04-20 15:24:28.061302 - INFO - Slept 1 second.
2024-04-20 15:24:28.062308 - INFO - +----- END KEYWORD: BuiltIn.Sleep (1.001412 s)
~~~~~~~~~~~~~~~~~~~~~~~~~~~~~~~~~~~~~~~~~~~~~~~~~~~~~~~~~~~~~~~~~~~~~~~~~~~~~~
2024-04-20 15:24:28.062308 - INFO - +----- START KEYWORD: SeleniumLibrary.Get Value [ id:txt-password ]
2024-04-20 15:24:28.078016 - INFO - ${Password} =
2024-04-20 15:24:28.080021 - INFO - +----- END KEYWORD: SeleniumLibrary.Get Value (0.017713 s)
~~~~~~~~~~~~~~~~~~~~~~~~~~~~~~~~~~~~~~~~~~~~~~~~~~~~~~~~~~~~~~~~~~~~~~~~~~~~~~
2024-04-20 15:24:28.080021 - INFO - +----- START KEYWORD: BuiltIn.Should Be Empty [ ${Password} ]
2024-04-20 15:24:28.080021 - INFO - Length is 0.
2024-04-20 15:24:28.081047 - INFO - +----- END KEYWORD: BuiltIn.Should Be Empty (0.001026 s)
~~~~~~~~~~~~~~~~~~~~~~~~~~~~~~~~~~~~~~~~~~~~~~~~~~~~~~~~~~~~~~~~~~~~~~~~~~~~~~
2024-04-20 15:24:28.081047 - INFO - +----- START KEYWORD: SeleniumLibrary.Click Element [ id:btn-login ]
2024-04-20 15:24:28.081047 - INFO - Clicking element 'id:btn-login'.
2024-04-20 15:24:29.027455 - INFO - +----- END KEYWORD: SeleniumLibrary.Click Element (0.946408 s)
~~~~~~~~~~~~~~~~~~~~~~~~~~~~~~~~~~~~~~~~~~~~~~~~~~~~~~~~~~~~~~~~~~~~~~~~~~~~~~
2024-04-20 15:24:29.027455 - INFO - +----- START KEYWORD: resources.Verify the URL [ https://katalon-demo-cura.herokuapp.com/profile.php#login ]
2024-04-20 15:24:29.028448 - INFO - +------ START KEYWORD: SeleniumLibrary.Get Location [ ]
2024-04-20 15:24:29.034825 - INFO - ${current_url} = https://katalon-demo-cura.herokuapp.com/profile.php#login
2024-04-20 15:24:29.035824 - INFO - +------ END KEYWORD: SeleniumLibrary.Get Location (0.007376 s)
2024-04-20 15:24:29.035824 - INFO - +------ START KEYWORD: BuiltIn.Should Be Equal As Strings [ ${current_url} | ${URL} ]
2024-04-20 15:24:29.035824 - DEBUG - Argument types are:
<class 'str'>
<class 'str'>
2024-04-20 15:24:29.035824 - INFO - +------ END KEYWORD: BuiltIn.Should Be Equal As Strings (0.0 s)
2024-04-20 15:24:29.035824 - INFO - +----- END KEYWORD: resources.Verify the URL (0.008369 s)
~~~~~~~~~~~~~~~~~~~~~~~~~~~~~~~~~~~~~~~~~~~~~~~~~~~~~~~~~~~~~~~~~~~~~~~~~~~~~~
2024-04-20 15:24:29.036825 - INFO - +----- START KEYWORD: SeleniumLibrary.Element Should Be Visible [ xpath://*[@id="login"]/div/div/div[1]/p[2] ]
2024-04-20 15:24:29.054709 - INFO - Element 'xpath://*[@id="login"]/div/div/div[1]/p[2]' is displayed.
2024-04-20 15:24:29.055707 - INFO - +----- END KEYWORD: SeleniumLibrary.Element Should Be Visible (0.018882 s)
~~~~~~~~~~~~~~~~~~~~~~~~~~~~~~~~~~~~~~~~~~~~~~~~~~~~~~~~~~~~~~~~~~~~~~~~~~~~~~
2024-04-20 15:24:29.055707 - INFO - +----- START KEYWORD: SeleniumLibrary.Element Text Should Be [ xpath://*[@id="login"]/div/div/div[1]/p[2] | Login failed! Please ensure the username and password are valid. ]
2024-04-20 15:24:29.055707 - INFO - Verifying element 'xpath://*[@id="login"]/div/div/div[1]/p[2]' contains exact text 'Login failed! Please ensure the username and password are valid.'.
2024-04-20 15:24:29.080752 - INFO - +----- END KEYWORD: SeleniumLibrary.Element Text Should Be (0.025045 s)
------------------------------------------------------------------------------
2024-04-20 15:24:29.082264 - INFO - +---- END TEST: TC5: (44.747649 s)
------------------------------------------------------------------------------
2024-04-20 15:24:29.083304 - INFO - +--- END SUITE: Swat Midterm.Tests.Authentication.Login (44.938692 s)
==============================================================================
2024-04-20 15:24:29.084299 - INFO - +-- END SUITE: Swat Midterm.Tests.Authentication (44.94161 s)
==============================================================================
2024-04-20 15:24:29.085273 - INFO - +- END SUITE: Swat Midterm.Tests (44.944731 s)
==============================================================================
2024-04-20 15:24:29.085273 - INFO - + END SUITE: Swat Midterm (44.96276 s)
==============================================================================
