==============================================================================
2024-04-20 15:19:36.889766 - INFO - + START SUITE: Swat Midterm
==============================================================================
2024-04-20 15:19:36.909957 - INFO - +- START SUITE: Swat Midterm.Tests
==============================================================================
2024-04-20 15:19:36.911953 - INFO - +-- START SUITE: Swat Midterm.Tests.Authentication
==============================================================================
2024-04-20 15:19:36.913611 - INFO - +--- START SUITE: Swat Midterm.Tests.Authentication.Login
==============================================================================
2024-04-20 15:19:37.080258 - INFO - +---- START TEST: TC4:
------------------------------------------------------------------------------
2024-04-20 15:19:37.081305 - INFO - +----- START KEYWORD: resources.Open Browser And Go To Login [ ]
2024-04-20 15:19:37.082266 - INFO - +------ START KEYWORD: resources.Open Browser To Katalon Demo CURA [ ]
2024-04-20 15:19:37.083773 - INFO - +------- START KEYWORD: SeleniumLibrary.Open Browser [ ${URL} | ${BROWSER} ]
2024-04-20 15:19:37.083773 - INFO - Opening browser 'chrome' to base url 'https://katalon-demo-cura.herokuapp.com/'.
2024-04-20 15:20:04.307705 - DEBUG - Opened browser with session id 82b727b5981991f7526bb979647e7747.
2024-04-20 15:20:04.307705 - INFO - +------- END KEYWORD: SeleniumLibrary.Open Browser (27.223932 s)
2024-04-20 15:20:04.308709 - INFO - +------- START KEYWORD: SeleniumLibrary.Maximize Browser Window [ ]
2024-04-20 15:20:04.433564 - INFO - +------- END KEYWORD: SeleniumLibrary.Maximize Browser Window (0.124855 s)
2024-04-20 15:20:04.433564 - INFO - +------ END KEYWORD: resources.Open Browser To Katalon Demo CURA (27.351298 s)
2024-04-20 15:20:04.433564 - INFO - +------ START KEYWORD: SeleniumLibrary.Click Element [ xpath://*[@id="menu-toggle"] ]
2024-04-20 15:20:04.434960 - INFO - Clicking element 'xpath://*[@id="menu-toggle"]'.
2024-04-20 15:20:04.484755 - INFO - +------ END KEYWORD: SeleniumLibrary.Click Element (0.051191 s)
2024-04-20 15:20:04.485759 - INFO - +------ START KEYWORD: BuiltIn.Sleep [ 2 ]
2024-04-20 15:20:06.486053 - INFO - Slept 2 seconds.
2024-04-20 15:20:06.487058 - INFO - +------ END KEYWORD: BuiltIn.Sleep (2.001299 s)
2024-04-20 15:20:06.487058 - INFO - +------ START KEYWORD: SeleniumLibrary.Click Element [ xpath://*[@id="sidebar-wrapper"]/ul/li[3]/a ]
2024-04-20 15:20:06.488058 - INFO - Clicking element 'xpath://*[@id="sidebar-wrapper"]/ul/li[3]/a'.
2024-04-20 15:20:07.493574 - INFO - +------ END KEYWORD: SeleniumLibrary.Click Element (1.006516 s)
2024-04-20 15:20:07.493574 - INFO - +------ START KEYWORD: SeleniumLibrary.Wait Until Element Is Visible [ xpath://*[@id="login"]/div/div/div[2]/form/div[1] ]
2024-04-20 15:20:07.513309 - INFO - +------ END KEYWORD: SeleniumLibrary.Wait Until Element Is Visible (0.019735 s)
2024-04-20 15:20:07.513817 - INFO - +----- END KEYWORD: resources.Open Browser And Go To Login (30.432512 s)
~~~~~~~~~~~~~~~~~~~~~~~~~~~~~~~~~~~~~~~~~~~~~~~~~~~~~~~~~~~~~~~~~~~~~~~~~~~~~~
2024-04-20 15:20:07.513817 - INFO - +----- START KEYWORD: SeleniumLibrary.Get Value [ id:txt-username ]
2024-04-20 15:20:07.527899 - INFO - ${Username} =
2024-04-20 15:20:07.528898 - INFO - +----- END KEYWORD: SeleniumLibrary.Get Value (0.015081 s)
~~~~~~~~~~~~~~~~~~~~~~~~~~~~~~~~~~~~~~~~~~~~~~~~~~~~~~~~~~~~~~~~~~~~~~~~~~~~~~
2024-04-20 15:20:07.529898 - INFO - +----- START KEYWORD: BuiltIn.Should Be Empty [ ${Username} ]
2024-04-20 15:20:07.529898 - INFO - Length is 0.
2024-04-20 15:20:07.530898 - INFO - +----- END KEYWORD: BuiltIn.Should Be Empty (0.001 s)
~~~~~~~~~~~~~~~~~~~~~~~~~~~~~~~~~~~~~~~~~~~~~~~~~~~~~~~~~~~~~~~~~~~~~~~~~~~~~~
2024-04-20 15:20:07.530898 - INFO - +----- START KEYWORD: SeleniumLibrary.Input Text [ id:txt-password | ThisIsNotAPassword ]
2024-04-20 15:20:07.530898 - INFO - Typing text 'ThisIsNotAPassword' into text field 'id:txt-password'.
2024-04-20 15:20:07.623860 - INFO - +----- END KEYWORD: SeleniumLibrary.Input Text (0.092962 s)
~~~~~~~~~~~~~~~~~~~~~~~~~~~~~~~~~~~~~~~~~~~~~~~~~~~~~~~~~~~~~~~~~~~~~~~~~~~~~~
2024-04-20 15:20:07.623860 - INFO - +----- START KEYWORD: BuiltIn.Sleep [ 1 ]
2024-04-20 15:20:08.624463 - INFO - Slept 1 second.
2024-04-20 15:20:08.624967 - INFO - +----- END KEYWORD: BuiltIn.Sleep (1.001107 s)
~~~~~~~~~~~~~~~~~~~~~~~~~~~~~~~~~~~~~~~~~~~~~~~~~~~~~~~~~~~~~~~~~~~~~~~~~~~~~~
2024-04-20 15:20:08.624967 - INFO - +----- START KEYWORD: SeleniumLibrary.Click Element [ id:btn-login ]
2024-04-20 15:20:08.625972 - INFO - Clicking element 'id:btn-login'.
2024-04-20 15:20:09.581568 - INFO - +----- END KEYWORD: SeleniumLibrary.Click Element (0.956601 s)
~~~~~~~~~~~~~~~~~~~~~~~~~~~~~~~~~~~~~~~~~~~~~~~~~~~~~~~~~~~~~~~~~~~~~~~~~~~~~~
2024-04-20 15:20:09.581568 - INFO - +----- START KEYWORD: resources.Verify the URL [ https://katalon-demo-cura.herokuapp.com/profile.php#login ]
2024-04-20 15:20:09.582566 - INFO - +------ START KEYWORD: SeleniumLibrary.Get Location [ ]
2024-04-20 15:20:09.585954 - INFO - ${current_url} = https://katalon-demo-cura.herokuapp.com/profile.php#login
2024-04-20 15:20:09.586953 - INFO - +------ END KEYWORD: SeleniumLibrary.Get Location (0.004387 s)
2024-04-20 15:20:09.586953 - INFO - +------ START KEYWORD: BuiltIn.Should Be Equal As Strings [ ${current_url} | ${URL} ]
2024-04-20 15:20:09.586953 - DEBUG - Argument types are:
<class 'str'>
<class 'str'>
2024-04-20 15:20:09.586953 - INFO - +------ END KEYWORD: BuiltIn.Should Be Equal As Strings (0.0 s)
2024-04-20 15:20:09.587953 - INFO - +----- END KEYWORD: resources.Verify the URL (0.006385 s)
~~~~~~~~~~~~~~~~~~~~~~~~~~~~~~~~~~~~~~~~~~~~~~~~~~~~~~~~~~~~~~~~~~~~~~~~~~~~~~
2024-04-20 15:20:09.587953 - INFO - +----- START KEYWORD: SeleniumLibrary.Element Should Be Visible [ xpath://*[@id="login"]/div/div/div[1]/p[2] ]
2024-04-20 15:20:09.603465 - INFO - Element 'xpath://*[@id="login"]/div/div/div[1]/p[2]' is displayed.
2024-04-20 15:20:09.603970 - INFO - +----- END KEYWORD: SeleniumLibrary.Element Should Be Visible (0.016017 s)
~~~~~~~~~~~~~~~~~~~~~~~~~~~~~~~~~~~~~~~~~~~~~~~~~~~~~~~~~~~~~~~~~~~~~~~~~~~~~~
2024-04-20 15:20:09.603970 - INFO - +----- START KEYWORD: SeleniumLibrary.Element Text Should Be [ xpath://*[@id="login"]/div/div/div[1]/p[2] | Login failed! Please ensure the username and password are valid. ]
2024-04-20 15:20:09.604977 - INFO - Verifying element 'xpath://*[@id="login"]/div/div/div[1]/p[2]' contains exact text 'Login failed! Please ensure the username and password are valid.'.
2024-04-20 15:20:09.624036 - INFO - +----- END KEYWORD: SeleniumLibrary.Element Text Should Be (0.020066 s)
------------------------------------------------------------------------------
2024-04-20 15:20:09.624036 - INFO - +---- END TEST: TC4: (32.543778 s)
------------------------------------------------------------------------------
2024-04-20 15:20:09.624036 - INFO - +--- END SUITE: Swat Midterm.Tests.Authentication.Login (32.710425 s)
==============================================================================
2024-04-20 15:20:09.625543 - INFO - +-- END SUITE: Swat Midterm.Tests.Authentication (32.71359 s)
==============================================================================
2024-04-20 15:20:09.626550 - INFO - +- END SUITE: Swat Midterm.Tests (32.716593 s)
==============================================================================
2024-04-20 15:20:09.626550 - INFO - + END SUITE: Swat Midterm (32.736784 s)
==============================================================================
